<?xml version="1.0" encoding="UTF-8"?>
<!-- Generated by org.testng.reporters.JUnitXMLReporter -->
<testsuite hostname="DESKTOP-TVB5HCK" ignored="0" name="Default test" tests="8" failures="0" timestamp="29 May 2019 11:48:12 GMT" time="420.486" errors="0">
  <testcase name="ContactLabelTest" time="0.226" classname="testcases.ContactPageTest"/>
  <testcase name="createNewContactTest" time="10.236" classname="testcases.ContactPageTest"/>
  <testcase name="createNewContactTest" time="8.593" classname="testcases.ContactPageTest"/>
  <testcase name="createNewContactTest" time="9.945" classname="testcases.ContactPageTest"/>
  <testcase name="createNewContactTest" time="9.464" classname="testcases.ContactPageTest"/>
  <testcase name="createNewContactTest" time="10.08" classname="testcases.ContactPageTest"/>
  <testcase name="createNewContactTest" time="9.858" classname="testcases.ContactPageTest"/>
  <testcase name="selectSingleContact" time="1.821" classname="testcases.ContactPageTest"/>
</testsuite> <!-- Default test -->
